<?xml version="1.0" encoding="UTF-8"?>
<!-- Generated by org.testng.reporters.JUnitReportReporter -->
<testsuite skipped="1" hostname="ROWLSITD516494S" name="dockerizedSelenium.AzureSeleniumTest" tests="5" failures="0" timestamp="2021-12-01T16:45:03 GMT+04:00" time="20.267" errors="0">
  <testcase name="eVisaTrackApplication" time="6.953" classname="dockerizedSelenium.AzureSeleniumTest"/>
  <system-out/>
  <testcase name="contactUsText" time="3.165" classname="dockerizedSelenium.AzureSeleniumTest"/>
  <system-out/>
  <testcase name="titleCheck" time="0.087" classname="dockerizedSelenium.AzureSeleniumTest"/>
  <system-out/>
  <testcase name="googleSearch" time="10.062" classname="dockerizedSelenium.AzureSeleniumTest"/>
  <system-out/>
  <testcase name="captchaCheck" classname="dockerizedSelenium.AzureSeleniumTest">
    <skipped/>
  </testcase> <!-- captchaCheck -->
  <system-out/>
</testsuite> <!-- dockerizedSelenium.AzureSeleniumTest -->
