<?xml version="1.0" encoding="UTF-8"?>
<!-- Generated by org.testng.reporters.JUnitReportReporter -->
<testsuite skipped="1" hostname="ROWLSITD516494S" name="dockerizedSelenium.AzureSeleniumTest" tests="4" failures="0" timestamp="2021-11-25T15:39:39 GMT+04:00" time="8.219" errors="0">
  <testcase name="eVisaTrackApplication" time="3.782" classname="dockerizedSelenium.AzureSeleniumTest"/>
  <system-out/>
  <testcase name="contactUsText" time="4.428" classname="dockerizedSelenium.AzureSeleniumTest"/>
  <system-out/>
  <testcase name="titleCheck" time="0.009" classname="dockerizedSelenium.AzureSeleniumTest"/>
  <system-out/>
  <testcase name="captchaCheck" classname="dockerizedSelenium.AzureSeleniumTest">
    <skipped/>
  </testcase> <!-- captchaCheck -->
  <system-out/>
</testsuite> <!-- dockerizedSelenium.AzureSeleniumTest -->
